2022-12-13 21:53:44  INFO     [client] >>> Попытка соединения с сервером
2022-12-13 21:53:44  DEBUG    [deco] >>> Функция set_addr_port() вызвана из функции main() с аргументами (['client.py', 'localhos'],), {}
2022-12-13 21:53:44  DEBUG    [deco] >>> Функция check_ip() вызвана из функции set_addr_port() с аргументами ('localhos',), {}
2022-12-13 21:53:44  WARNING  [client] >>> Ошибка в IP-адресе сервера - 'localhos'
2022-12-13 21:53:44  ERROR    [client] >>> Соединение не установлено
2022-12-13 21:53:52  INFO     [client] >>> Попытка соединения с сервером
2022-12-13 21:53:52  DEBUG    [deco] >>> Функция set_addr_port() вызвана из функции main() с аргументами (['client.py'],), {}
2022-12-13 21:53:54  ERROR    [client] >>> Сервер localhost:7777 отверг запрос на соединение
2022-12-13 21:53:59  INFO     [client] >>> Попытка соединения с сервером
2022-12-13 21:53:59  DEBUG    [deco] >>> Функция set_addr_port() вызвана из функции main() с аргументами (['client.py', 'localhost', '11000'],), {}
2022-12-13 21:53:59  DEBUG    [deco] >>> Функция check_ip() вызвана из функции set_addr_port() с аргументами ('localhost',), {}
2022-12-13 21:53:59  DEBUG    [deco] >>> Функция check_port() вызвана из функции set_addr_port() с аргументами (11000,), {}
2022-12-13 21:53:59  INFO     [client] >>> Соединение c сервером localhost:11000 установлено
2022-12-13 21:53:59  INFO     [client] >>> Клиент отправляет данные на сервер:
2022-12-13 21:53:59  DEBUG    [deco] >>> Функция msg_creating() вызвана из функции main() с аргументами (), {}
2022-12-13 21:53:59  INFO     [client] >>> Данные созданы
2022-12-13 21:53:59  DEBUG    [deco] >>> Функция msg_conversion() вызвана из функции main() с аргументами ({'action': 'presence', 'time': '13-12-2022 21:53', 'user': {'account_name': 'alla', 'status': 'online'}},), {}
2022-12-13 21:53:59  INFO     [client] >>> Успешная конвертация (json ->)
2022-12-13 21:53:59  INFO     [client] >>> Данные отправлены
2022-12-13 21:53:59  INFO     [client] >>> Клиент принимает данные от сервера:
2022-12-13 21:53:59  DEBUG    [deco] >>> Функция msg_conversion() вызвана из функции main() с аргументами (b'{"response": 200}',), {}
2022-12-13 21:53:59  INFO     [client] >>> Успешная конвертация (-> json)
2022-12-13 21:53:59  DEBUG    [deco] >>> Функция answer_parsing() вызвана из функции main() с аргументами ({'response': 200},), {}
2022-12-13 21:53:59  INFO     [client] >>> Ответ сервера: ОК
