2022-12-13 21:52:52  INFO     [server] >>> Попытка привязки сокета
2022-12-13 21:52:52  DEBUG    [deco] >>> Функция set_addr_port() вызвана из функции main() с аргументами (['server.py', '-p', '-a', 'localhost'],), {}
2022-12-13 21:52:52  DEBUG    [deco] >>> Функция check_ip() вызвана из функции set_addr_port() с аргументами ('localhost',), {}
2022-12-13 21:52:52  ERROR    [server] >>> Указанный tcp-порт не является числом. Сокет не был привязан
2022-12-13 21:53:21  INFO     [server] >>> Попытка привязки сокета
2022-12-13 21:53:21  DEBUG    [deco] >>> Функция set_addr_port() вызвана из функции main() с аргументами (['server.py', '-p', '11000'],), {}
2022-12-13 21:53:21  DEBUG    [deco] >>> Функция check_port() вызвана из функции set_addr_port() с аргументами (11000,), {}
2022-12-13 21:53:21  INFO     [server] >>> Сокет привязан к localhost:11000
2022-12-13 21:53:21  INFO     [server] >>> Ожидание соединения...
2022-12-13 21:53:59  INFO     [server] >>> Установлено соединение с клиентом 127.0.0.1:58546
2022-12-13 21:53:59  INFO     [server] >>> Сервер получает данные от клиента:
2022-12-13 21:53:59  DEBUG    [deco] >>> Функция msg_conversion() вызвана из функции main() с аргументами (b'{"action": "presence", "time": "13-12-2022 21:53", "user": {"account_name": "alla", "status": "online"}}',), {}
2022-12-13 21:53:59  INFO     [server] >>> Успешная конвертация (-> json)
2022-12-13 21:53:59  INFO     [server] >>> Данные получены
2022-12-13 21:53:59  INFO     [server] >>> Сервер готовит ответ клиенту:
2022-12-13 21:53:59  DEBUG    [deco] >>> Функция msg_processing() вызвана из функции main() с аргументами ({'action': 'presence', 'time': '13-12-2022 21:53', 'user': {'account_name': 'alla', 'status': 'online'}},), {}
2022-12-13 21:53:59  INFO     [server] >>> Ответ положительный
2022-12-13 21:53:59  DEBUG    [deco] >>> Функция msg_conversion() вызвана из функции main() с аргументами ({'response': 200},), {}
2022-12-13 21:53:59  INFO     [server] >>> Успешная конвертация (json ->)
2022-12-13 21:53:59  INFO     [server] >>> Ответ отправлен
2022-12-13 21:53:59  INFO     [server] >>> Соединение с клиентом 127.0.0.1:58546 закрыто
2022-12-13 21:53:59  INFO     [server] >>> Ожидание соединения...
