2022-12-10 00:30:14 | [INFO]   client >>> Попытка соединения с сервером
2022-12-10 00:30:14 | [INFO]   client >>> Соединение c сервером localhost:7777 установлено
2022-12-10 00:30:14 | [INFO]   client >>> Клиент отправляет данные на сервер
2022-12-10 00:30:14 | [INFO]   client >>> Данные созданы
2022-12-10 00:30:14 | [INFO]   client >>> Успешная конвертация (json ->)
2022-12-10 00:30:14 | [INFO]   client >>> Данные отправлены
2022-12-10 00:30:14 | [INFO]   client >>> Клиент принимает данные от сервера
2022-12-10 00:30:14 | [INFO]   client >>> Успешная конвертация (-> json)
2022-12-10 00:30:14 | [INFO]   client >>> Ответ сервера: ОК
2022-12-10 00:30:56 | [INFO]   client >>> Попытка соединения с сервером
2022-12-10 00:30:56 | [INFO]   client >>> Соединение c сервером localhost:7777 установлено
2022-12-10 00:30:56 | [INFO]   client >>> Клиент отправляет данные на сервер
2022-12-10 00:30:56 | [INFO]   client >>> Данные созданы
2022-12-10 00:30:56 | [INFO]   client >>> Успешная конвертация (json ->)
2022-12-10 00:30:56 | [INFO]   client >>> Данные отправлены
2022-12-10 00:30:56 | [INFO]   client >>> Клиент принимает данные от сервера
2022-12-10 00:30:56 | [ERROR]   client >>> Сервер localhost:7777 принудительно разорвал соединение
2022-12-10 00:32:05 | [INFO]   client >>> Попытка соединения с сервером
2022-12-10 00:32:05 | [WARNING]   client >>> Указанный tcp-порт выходит за диапазон 1024-65535 - '222222'
2022-12-10 00:32:05 | [ERROR]   client >>> Соединение не установлено
2022-12-10 00:32:12 | [INFO]   client >>> Попытка соединения с сервером
2022-12-10 00:32:12 | [WARNING]   client >>> Ошибка в IP-адресе сервера - 'localhos'
2022-12-10 00:32:12 | [ERROR]   client >>> Соединение не установлено
2022-12-10 00:32:22 | [INFO]   client >>> Попытка соединения с сервером
2022-12-10 00:32:24 | [ERROR]   client >>> Сервер localhost:33333 отверг запрос на соединение
2022-12-10 00:32:28 | [INFO]   client >>> Попытка соединения с сервером
2022-12-10 00:32:30 | [ERROR]   client >>> Сервер localhost:22222 отверг запрос на соединение
2022-12-10 00:32:44 | [INFO]   client >>> Попытка соединения с сервером
2022-12-10 00:32:44 | [INFO]   client >>> Соединение c сервером localhost:22222 установлено
2022-12-10 00:32:44 | [INFO]   client >>> Клиент отправляет данные на сервер
2022-12-10 00:32:44 | [INFO]   client >>> Данные созданы
2022-12-10 00:32:44 | [INFO]   client >>> Успешная конвертация (json ->)
2022-12-10 00:32:44 | [INFO]   client >>> Данные отправлены
2022-12-10 00:32:44 | [INFO]   client >>> Клиент принимает данные от сервера
2022-12-10 00:32:44 | [INFO]   client >>> Успешная конвертация (-> json)
2022-12-10 00:32:44 | [INFO]   client >>> Ответ сервера: ОК
2022-12-10 00:33:12 | [INFO]   client >>> Попытка соединения с сервером
2022-12-10 00:33:12 | [INFO]   client >>> Соединение c сервером localhost:22222 установлено
2022-12-10 00:33:12 | [INFO]   client >>> Клиент отправляет данные на сервер
2022-12-10 00:33:12 | [INFO]   client >>> Данные созданы
2022-12-10 00:33:12 | [INFO]   client >>> Успешная конвертация (json ->)
2022-12-10 00:33:12 | [INFO]   client >>> Данные отправлены
2022-12-10 00:33:12 | [INFO]   client >>> Клиент принимает данные от сервера
2022-12-10 00:33:12 | [INFO]   client >>> Успешная конвертация (-> json)
2022-12-10 00:33:12 | [ERROR]   client >>> Ответ сервера: bad request
2022-12-10 00:33:24 | [INFO]   client >>> Попытка соединения с сервером
2022-12-10 00:33:24 | [INFO]   client >>> Соединение c сервером localhost:22222 установлено
2022-12-10 00:33:24 | [INFO]   client >>> Клиент отправляет данные на сервер
2022-12-10 00:33:24 | [INFO]   client >>> Данные созданы
2022-12-10 00:33:24 | [INFO]   client >>> Успешная конвертация (json ->)
2022-12-10 00:33:24 | [INFO]   client >>> Данные отправлены
2022-12-10 00:33:24 | [INFO]   client >>> Клиент принимает данные от сервера
2022-12-10 00:33:24 | [ERROR]   client >>> Сервер localhost:22222 принудительно разорвал соединение
