2022-12-10 00:30:00 | [INFO] server >>> Попытка привязки сокета
2022-12-10 00:30:00 | [INFO] server >>> Сокет привязан к localhost:7777
2022-12-10 00:30:00 | [INFO] server >>> Ожидание соединения...
2022-12-10 00:30:14 | [INFO] server >>> Установлено соединение с клиентом 127.0.0.1:60045
2022-12-10 00:30:14 | [INFO] server >>> Сервер получает данные от клиента
2022-12-10 00:30:14 | [INFO] server >>> Успешная конвертация (-> json)
2022-12-10 00:30:14 | [INFO] server >>> Данные получены
2022-12-10 00:30:14 | [INFO] server >>> Сервер готовит ответ клиенту
2022-12-10 00:30:14 | [INFO] server >>> Ответ положительный
2022-12-10 00:30:14 | [INFO] server >>> Успешная конвертация (json ->)
2022-12-10 00:30:14 | [INFO] server >>> Ответ отправлен
2022-12-10 00:30:14 | [INFO] server >>> Соединение с клиентом 127.0.0.1:60045 закрыто
2022-12-10 00:30:14 | [INFO] server >>> Ожидание соединения...
2022-12-10 00:30:56 | [ERROR] server >>> Соединение разорвано принудительно
2022-12-10 00:31:10 | [INFO] server >>> Попытка привязки сокета
2022-12-10 00:31:10 | [ERROR] server >>> Не указан tcp-порт. Сокет не был привязан
2022-12-10 00:31:27 | [INFO] server >>> Попытка привязки сокета
2022-12-10 00:31:27 | [ERROR] server >>> Указанный tcp-порт не является числом. Сокет не был привязан
2022-12-10 00:31:34 | [INFO] server >>> Попытка привязки сокета
2022-12-10 00:31:34 | [WARNING] server >>> Указанный tcp-порт выходит за диапазон 1024-65535 - '100000'
2022-12-10 00:31:34 | [ERROR] server >>> Сокет не был привязан
2022-12-10 00:32:41 | [INFO] server >>> Попытка привязки сокета
2022-12-10 00:32:41 | [INFO] server >>> Сокет привязан к localhost:22222
2022-12-10 00:32:42 | [INFO] server >>> Ожидание соединения...
2022-12-10 00:32:44 | [INFO] server >>> Установлено соединение с клиентом 127.0.0.1:61456
2022-12-10 00:32:44 | [INFO] server >>> Сервер получает данные от клиента
2022-12-10 00:32:44 | [INFO] server >>> Успешная конвертация (-> json)
2022-12-10 00:32:44 | [INFO] server >>> Данные получены
2022-12-10 00:32:44 | [INFO] server >>> Сервер готовит ответ клиенту
2022-12-10 00:32:44 | [INFO] server >>> Ответ положительный
2022-12-10 00:32:44 | [INFO] server >>> Успешная конвертация (json ->)
2022-12-10 00:32:44 | [INFO] server >>> Ответ отправлен
2022-12-10 00:32:44 | [INFO] server >>> Соединение с клиентом 127.0.0.1:61456 закрыто
2022-12-10 00:32:44 | [INFO] server >>> Ожидание соединения...
2022-12-10 00:33:12 | [INFO] server >>> Установлено соединение с клиентом 127.0.0.1:61460
2022-12-10 00:33:12 | [INFO] server >>> Сервер получает данные от клиента
2022-12-10 00:33:12 | [INFO] server >>> Успешная конвертация (-> json)
2022-12-10 00:33:12 | [INFO] server >>> Данные получены
2022-12-10 00:33:12 | [INFO] server >>> Сервер готовит ответ клиенту
2022-12-10 00:33:12 | [INFO] server >>> Ответ отрицательный
2022-12-10 00:33:12 | [INFO] server >>> Успешная конвертация (json ->)
2022-12-10 00:33:12 | [INFO] server >>> Ответ отправлен
2022-12-10 00:33:12 | [INFO] server >>> Соединение с клиентом 127.0.0.1:61460 закрыто
2022-12-10 00:33:12 | [INFO] server >>> Ожидание соединения...
2022-12-10 00:33:24 | [ERROR] server >>> Соединение разорвано принудительно
